<?xml version="1.0" encoding="UTF-8" ?>
<testsuite tests="26" failures="0" name="CardPaymentsTest" time="0.026" errors="0" skipped="0">
  <properties>
[...]
</properties>
  <testcase classname="CardPaymentsTest" name="canBuyHeartyWithCardIfFundsSufficient" time="0.019"/>
  <testcase classname="CardPaymentsTest" name="addingMoneyIncreasesTheBalanceOnTheCard" time="0"/>
  <testcase classname="CardPaymentsTest" name="successfulExactChangeHearty" time="0"/>
  <testcase classname="CardPaymentsTest" name="successfulAffordable" time="0"/>
  <testcase classname="CardPaymentsTest" name="methodForCardPurchaseHeartyExists" time="0.004"/>
  <testcase classname="CardPaymentsTest" name="canBuyAffordableWithCardIfFundsBarelySufficient" time="0"/>
  <testcase classname="CardPaymentsTest" name="addingNegativeAmountDoesNotChangeCardBalance" time="0"/>
  <testcase classname="CardPaymentsTest" name="successfulExactChangeAffordable" time="0"/>
  <testcase classname="CardPaymentsTest" name="initialMoney1000AndNoSoldLunches" time="0"/>
  <testcase classname="CardPaymentsTest" name="cannotBuyAffordableWithCardIfInsufficientFunds" time="0"/>
  <testcase classname="CardPaymentsTest" name="canBuyAffordableWithCardIfFundsSufficient" time="0"/>
  <testcase classname="CardPaymentsTest" name="successfulHearty" time="0"/>
  <testcase classname="CardPaymentsTest" name="canTakeMoneyFromCardIfBalanceIsEnough" time="0"/>
  <testcase classname="CardPaymentsTest" name="multipleSold" time="0"/>
  <testcase classname="CardPaymentsTest" name="methodForAddingMoneyToCardExists" time="0.001"/>
  <testcase classname="CardPaymentsTest" name="notTooManyObjectVariablesForTerminal1" time="0.001"/>
  <testcase classname="CardPaymentsTest" name="notTooManyObjectVariablesForTerminal2" time="0"/>
  <testcase classname="CardPaymentsTest" name="notTooManyObjectVariablesForTerminal3" time="0"/>
  <testcase classname="CardPaymentsTest" name="methodForCardPurchaseAffordableExists" time="0"/>
  <testcase classname="CardPaymentsTest" name="initialMoneyInPaymentTerminal1000" time="0"/>
  <testcase classname="CardPaymentsTest" name="ifNoMoneyTheSaleFailsAndTerminalUntouched" time="0"/>
  <testcase classname="CardPaymentsTest" name="canBuyHeartyWithCardIfFundsBarelySufficient" time="0"/>
  <testcase classname="CardPaymentsTest" name="cannotBuyHeartyWithCardIfInsufficientFunds" time="0"/>
  <testcase classname="CardPaymentsTest" name="notTooManyObjectVariablesForCard" time="0.001"/>
  <testcase classname="CardPaymentsTest" name="addingMoneyMultipleTimesWorks" time="0"/>
  <testcase classname="CardPaymentsTest" name="canEmptyCard" time="0"/>
</testsuite>